\BOOKMARK [2][]{Outline0.1}{\376\377\000I\000n\000t\000r\000o\000d\000u\000c\000t\000i\000o\000n}{}% 1
\BOOKMARK [2][]{Outline0.2}{\376\377\000B\000a\000c\000k\000g\000r\000o\000u\000n\000d}{}% 2
\BOOKMARK [2][]{Outline0.3}{\376\377\000T\000h\000e\000\040\000S\000t\000r\000u\000c\000t\000u\000r\000e\000\040\000o\000f\000\040\000T\000F\000T\000\040\000M\000o\000d\000e\000l}{}% 3
\BOOKMARK [2][]{Outline0.4}{\376\377\000O\000v\000e\000r\000v\000i\000e\000w\000\040\000o\000f\000\040\000T\000F\000T}{}% 4
\BOOKMARK [2][]{Outline0.5}{\376\377\000M\000a\000i\000n\000\040\000C\000o\000m\000p\000o\000n\000e\000n\000t\000s\000\040\000o\000f\000\040\000T\000F\000T}{}% 5
\BOOKMARK [2][]{Outline0.6}{\376\377\000D\000e\000t\000a\000i\000l\000e\000d\000\040\000C\000o\000m\000p\000o\000n\000e\000n\000t\000s\000\040\000o\000f\000\040\000T\000F\000T}{}% 6
\BOOKMARK [2][]{Outline0.7}{\376\377\000T\000r\000a\000i\000n\000i\000n\000g\000\040\000P\000r\000o\000c\000e\000s\000s}{}% 7
\BOOKMARK [2][]{Outline0.8}{\376\377\000C\000o\000m\000p\000a\000r\000i\000s\000o\000n\000\040\000w\000i\000t\000h\000\040\000O\000t\000h\000e\000r\000\040\000M\000o\000d\000e\000l\000s\000/\000M\000e\000t\000h\000o\000d\000s}{}% 8
\BOOKMARK [2][]{Outline0.9}{\376\377\000C\000a\000s\000e\000\040\000S\000t\000u\000d\000y\000:\000\040\000S\000t\000o\000c\000k\000\040\000P\000r\000e\000d\000i\000c\000t\000i\000o\000n}{}% 9
\BOOKMARK [2][]{Outline0.10}{\376\377\000H\000y\000p\000e\000r\000p\000a\000r\000a\000m\000e\000t\000e\000r\000s}{}% 10
\BOOKMARK [2][]{Outline0.11}{\376\377\000P\000a\000c\000k\000a\000g\000e}{}% 11
\BOOKMARK [2][]{Outline0.12}{\376\377\000C\000o\000n\000f\000i\000g\000u\000r\000a\000t\000i\000o\000n}{}% 12
\BOOKMARK [2][]{Outline0.13}{\376\377\000I\000n\000p\000u\000t}{}% 13
\BOOKMARK [2][]{Outline0.14}{\376\377\000O\000u\000t\000p\000u\000t}{}% 14
\BOOKMARK [2][]{Outline0.15}{\376\377\000A\000d\000v\000a\000n\000t\000a\000g\000e\000s\000\040\000o\000f\000\040\000T\000F\000T}{}% 15
\BOOKMARK [2][]{Outline0.16}{\376\377\000C\000h\000a\000l\000l\000e\000n\000g\000e\000s\000\040\000a\000n\000d\000\040\000L\000i\000m\000i\000t\000a\000t\000i\000o\000n\000s}{}% 16
\BOOKMARK [2][]{Outline0.17}{\376\377\000A\000r\000e\000a\000s\000\040\000f\000o\000r\000\040\000F\000u\000t\000u\000r\000e\000\040\000R\000e\000s\000e\000a\000r\000c\000h\000\040\000a\000n\000d\000\040\000I\000m\000p\000r\000o\000v\000e\000m\000e\000n\000t}{}% 17
\BOOKMARK [2][]{Outline0.18}{\376\377\000C\000o\000n\000c\000l\000u\000s\000i\000o\000n}{}% 18
\BOOKMARK [3][]{Outline0.18.1.57}{\376\377\000R\000e\000c\000a\000p\000\040\000o\000f\000\040\000K\000e\000y\000\040\000P\000o\000i\000n\000t\000s}{Outline0.18}% 19
\BOOKMARK [3][]{Outline0.18.2.57}{\376\377\000I\000m\000p\000o\000r\000t\000a\000n\000c\000e\000\040\000o\000f\000\040\000T\000F\000T\000\040\000i\000n\000\040\000A\000d\000v\000a\000n\000c\000i\000n\000g\000\040\000T\000i\000m\000e\000\040\000S\000e\000r\000i\000e\000s\000\040\000F\000o\000r\000e\000c\000a\000s\000t\000i\000n\000g}{Outline0.18}% 20
\BOOKMARK [3][]{Outline0.18.3.57}{\376\377\000C\000a\000l\000l\000\040\000t\000o\000\040\000A\000c\000t\000i\000o\000n\000\040\000a\000n\000d\000\040\000F\000u\000t\000u\000r\000e\000\040\000I\000m\000p\000l\000i\000c\000a\000t\000i\000o\000n\000s}{Outline0.18}% 21
\BOOKMARK [2][]{Outline0.19}{\376\377\000F\000u\000r\000t\000h\000e\000r\000\040\000R\000e\000a\000d\000i\000n\000g}{}% 22
\BOOKMARK [2][]{Outline0.20}{\376\377\000R\000e\000f\000e\000r\000e\000n\000c\000e\000s}{}% 23
\BOOKMARK [2][]{Outline0.21}{\376\377\000L\000i\000t\000e\000r\000a\000t\000u\000r}{}% 24
